<?xml version="1.0" encoding="UTF-8"?>
<!-- Generated by org.testng.reporters.JUnitReportReporter -->
<testsuite skipped="0" hostname="LAPTOP-U1FR20T5" name="com.revature.test.backend.BackTest" tests="1" failures="0" timestamp="31 Jul 2019 04:23:56 GMT" time="1.469" errors="0">
  <testcase name="findAll" time="1.469" classname="com.revature.test.backend.BackTest"/>
</testsuite> <!-- com.revature.test.backend.BackTest -->
